<?xml version="1.0" encoding="UTF-8"?>
<!-- Generated by org.testng.reporters.JUnitReportReporter -->
<testsuite skipped="0" hostname="Shreya-MS-Laptop" name="testCases.TC001_VerifyLogin" tests="1" failures="0" timestamp="16 Apr 2022 20:26:34 GMT" time="2.268" errors="0">
  <testcase name="verifyLogin" time="2.268" classname="testCases.TC001_VerifyLogin"/>
</testsuite> <!-- testCases.TC001_VerifyLogin -->
